#
# There is insufficient memory for the Java Runtime Environment to continue.
# Native memory allocation (malloc) failed to allocate 109616 bytes for Chunk::new
# Possible reasons:
#   The system is out of physical RAM or swap space
#   The process is running with CompressedOops enabled, and the Java Heap may be blocking the growth of the native heap
# Possible solutions:
#   Reduce memory load on the system
#   Increase physical memory or swap space
#   Check if swap backing store is full
#   Decrease Java heap size (-Xmx/-Xms)
#   Decrease number of Java threads
#   Decrease Java thread stack sizes (-Xss)
#   Set larger code cache with -XX:ReservedCodeCacheSize=
#   JVM is running with Unscaled Compressed Oops mode in which the Java heap is
#     placed in the first 4GB address space. The Java Heap base address is the
#     maximum limit for the native heap growth. Please use -XX:HeapBaseMinAddress
#     to set the Java Heap base and to place the Java Heap above 4GB virtual address.
# This output file may be truncated or incomplete.
#
#  Out of Memory Error (arena.cpp:189), pid=2892, tid=8200
#
# JRE version: Java(TM) SE Runtime Environment (17.0.12+8) (build 17.0.12+8-LTS-286)
# Java VM: Java HotSpot(TM) 64-Bit Server VM (17.0.12+8-LTS-286, mixed mode, sharing, tiered, compressed oops, compressed class ptrs, g1 gc, windows-amd64)
# No core dump will be written. Minidumps are not enabled by default on client versions of Windows
#

---------------  S U M M A R Y ------------

Command Line: -Xmx64m -Xms64m -Dorg.gradle.appname=gradlew C:\Users\dell9\AndroidStudioProjects\Demo\android\\gradle\wrapper\gradle-wrapper.jar app:installDebug -PreactNativeDevServerPort=8081

Host: 11th Gen Intel(R) Core(TM) i3-1115G4 @ 3.00GHz, 4 cores, 7G,  Windows 11 , 64 bit Build 26100 (10.0.26100.4202)
Time: Fri Jul 11 14:05:26 2025 India Standard Time elapsed time: 0.391073 seconds (0d 0h 0m 0s)

---------------  T H R E A D  ---------------

Current thread (0x0000018fcb6f6740):  JavaThread "C2 CompilerThread0" daemon [_thread_in_native, id=8200, stack(0x0000002ea7400000,0x0000002ea7500000)]


Current CompileTask:
C2:    391  373       4       java.lang.StringLatin1::toLowerCase (186 bytes)

Stack: [0x0000002ea7400000,0x0000002ea7500000]
Native frames: (J=compiled Java code, j=interpreted, Vv=VM code, C=native code)
V  [jvm.dll+0x67a04a]
V  [jvm.dll+0x7da4ed]
V  [jvm.dll+0x7dbe33]
V  [jvm.dll+0x7dc4a3]
V  [jvm.dll+0x24508f]
V  [jvm.dll+0xab773]
V  [jvm.dll+0xabd3c]
V  [jvm.dll+0x2aa52f]
V  [jvm.dll+0x581eb9]
V  [jvm.dll+0x21f422]
V  [jvm.dll+0x21f81f]
V  [jvm.dll+0x218aa0]
V  [jvm.dll+0x215b65]
V  [jvm.dll+0x1a2960]
V  [jvm.dll+0x22610b]
V  [jvm.dll+0x2242ab]
V  [jvm.dll+0x79075c]
V  [jvm.dll+0x78abea]
V  [jvm.dll+0x678f35]
C  [ucrtbase.dll+0x37b0]
C  [KERNEL32.DLL+0x2e8d7]
C  [ntdll.dll+0x3c34c]


---------------  P R O C E S S  ---------------

Threads class SMR info:
_java_thread_list=0x0000018fcb937bb0, length=12, elements={
0x0000018fb27dd0a0, 0x0000018fb2876940, 0x0000018fb2878070, 0x0000018fb2891be0,
0x0000018fb28936c0, 0x0000018fb28964a0, 0x0000018fb28978e0, 0x0000018fcb6f6740,
0x0000018fb2898d40, 0x0000018fcb6f6d10, 0x0000018fcb7c1250, 0x0000018fcb7c19c0
}

Java Threads: ( => current thread )
  0x0000018fb27dd0a0 JavaThread "main" [_thread_in_vm, id=16568, stack(0x0000002ea6700000,0x0000002ea6800000)]
  0x0000018fb2876940 JavaThread "Reference Handler" daemon [_thread_blocked, id=15152, stack(0x0000002ea6e00000,0x0000002ea6f00000)]
  0x0000018fb2878070 JavaThread "Finalizer" daemon [_thread_blocked, id=14472, stack(0x0000002ea6f00000,0x0000002ea7000000)]
  0x0000018fb2891be0 JavaThread "Signal Dispatcher" daemon [_thread_blocked, id=7588, stack(0x0000002ea7000000,0x0000002ea7100000)]
  0x0000018fb28936c0 JavaThread "Attach Listener" daemon [_thread_blocked, id=20004, stack(0x0000002ea7100000,0x0000002ea7200000)]
  0x0000018fb28964a0 JavaThread "Service Thread" daemon [_thread_blocked, id=2596, stack(0x0000002ea7200000,0x0000002ea7300000)]
  0x0000018fb28978e0 JavaThread "Monitor Deflation Thread" daemon [_thread_blocked, id=3648, stack(0x0000002ea7300000,0x0000002ea7400000)]
=>0x0000018fcb6f6740 JavaThread "C2 CompilerThread0" daemon [_thread_in_native, id=8200, stack(0x0000002ea7400000,0x0000002ea7500000)]
  0x0000018fb2898d40 JavaThread "C1 CompilerThread0" daemon [_thread_blocked, id=14492, stack(0x0000002ea7500000,0x0000002ea7600000)]
  0x0000018fcb6f6d10 JavaThread "Sweeper thread" daemon [_thread_blocked, id=16320, stack(0x0000002ea7600000,0x0000002ea7700000)]
  0x0000018fcb7c1250 JavaThread "Notification Thread" daemon [_thread_blocked, id=12800, stack(0x0000002ea7700000,0x0000002ea7800000)]
  0x0000018fcb7c19c0 JavaThread "Common-Cleaner" daemon [_thread_blocked, id=19620, stack(0x0000002ea7900000,0x0000002ea7a00000)]

Other Threads:
  0x0000018fb286eb70 VMThread "VM Thread" [stack: 0x0000002ea6d00000,0x0000002ea6e00000] [id=14408]
  0x0000018fcb7c1730 WatcherThread [stack: 0x0000002ea7800000,0x0000002ea7900000] [id=19684]
  0x0000018fb27fec10 GCTaskThread "GC Thread#0" [stack: 0x0000002ea6800000,0x0000002ea6900000] [id=19888]
  0x0000018fb2800370 ConcurrentGCThread "G1 Main Marker" [stack: 0x0000002ea6900000,0x0000002ea6a00000] [id=12032]
  0x0000018fb2800d80 ConcurrentGCThread "G1 Conc#0" [stack: 0x0000002ea6a00000,0x0000002ea6b00000] [id=11304]
  0x0000018fb28504b0 ConcurrentGCThread "G1 Refine#0" [stack: 0x0000002ea6b00000,0x0000002ea6c00000] [id=21276]
  0x0000018fb2854360 ConcurrentGCThread "G1 Service" [stack: 0x0000002ea6c00000,0x0000002ea6d00000] [id=1824]

Threads with active compile tasks:
C2 CompilerThread0      423  373       4       java.lang.StringLatin1::toLowerCase (186 bytes)

VM state: not at safepoint (normal execution)

VM Mutex/Monitor currently owned by a thread: None

Heap address: 0x00000000fc000000, size: 64 MB, Compressed Oops mode: 32-bit

CDS archive(s) mapped at: [0x0000018fcc000000-0x0000018fccbd0000-0x0000018fccbd0000), size 12386304, SharedBaseAddress: 0x0000018fcc000000, ArchiveRelocationMode: 1.
Compressed class space mapped at: 0x0000018fcd000000-0x000001900d000000, reserved size: 1073741824
Narrow klass base: 0x0000018fcc000000, Narrow klass shift: 0, Narrow klass range: 0x100000000

GC Precious Log:
 CPUs: 4 total, 4 available
 Memory: 7926M
 Large Page Support: Disabled
 NUMA Support: Disabled
 Compressed Oops: Enabled (32-bit)
 Heap Region Size: 1M
 Heap Min Capacity: 64M
 Heap Initial Capacity: 64M
 Heap Max Capacity: 64M
 Pre-touch: Disabled
 Parallel Workers: 4
 Concurrent Workers: 1
 Concurrent Refinement Workers: 4
 Periodic GC: Disabled

Heap:
 garbage-first heap   total 65536K, used 6144K [0x00000000fc000000, 0x0000000100000000)
  region size 1024K, 7 young (7168K), 0 survivors (0K)
 Metaspace       used 1625K, committed 1792K, reserved 1114112K
  class space    used 156K, committed 192K, reserved 1048576K

Heap Regions: E=young(eden), S=young(survivor), O=old, HS=humongous(starts), HC=humongous(continues), CS=collection set, F=free, OA=open archive, CA=closed archive, TAMS=top-at-mark-start (previous, next)
|   0|0x00000000fc000000, 0x00000000fc000000, 0x00000000fc100000|  0%| F|  |TAMS 0x00000000fc000000, 0x00000000fc000000| Untracked 
|   1|0x00000000fc100000, 0x00000000fc100000, 0x00000000fc200000|  0%| F|  |TAMS 0x00000000fc100000, 0x00000000fc100000| Untracked 
|   2|0x00000000fc200000, 0x00000000fc200000, 0x00000000fc300000|  0%| F|  |TAMS 0x00000000fc200000, 0x00000000fc200000| Untracked 
|   3|0x00000000fc300000, 0x00000000fc300000, 0x00000000fc400000|  0%| F|  |TAMS 0x00000000fc300000, 0x00000000fc300000| Untracked 
|   4|0x00000000fc400000, 0x00000000fc400000, 0x00000000fc500000|  0%| F|  |TAMS 0x00000000fc400000, 0x00000000fc400000| Untracked 
|   5|0x00000000fc500000, 0x00000000fc500000, 0x00000000fc600000|  0%| F|  |TAMS 0x00000000fc500000, 0x00000000fc500000| Untracked 
|   6|0x00000000fc600000, 0x00000000fc600000, 0x00000000fc700000|  0%| F|  |TAMS 0x00000000fc600000, 0x00000000fc600000| Untracked 
|   7|0x00000000fc700000, 0x00000000fc700000, 0x00000000fc800000|  0%| F|  |TAMS 0x00000000fc700000, 0x00000000fc700000| Untracked 
|   8|0x00000000fc800000, 0x00000000fc800000, 0x00000000fc900000|  0%| F|  |TAMS 0x00000000fc800000, 0x00000000fc800000| Untracked 
|   9|0x00000000fc900000, 0x00000000fc900000, 0x00000000fca00000|  0%| F|  |TAMS 0x00000000fc900000, 0x00000000fc900000| Untracked 
|  10|0x00000000fca00000, 0x00000000fca00000, 0x00000000fcb00000|  0%| F|  |TAMS 0x00000000fca00000, 0x00000000fca00000| Untracked 
|  11|0x00000000fcb00000, 0x00000000fcb00000, 0x00000000fcc00000|  0%| F|  |TAMS 0x00000000fcb00000, 0x00000000fcb00000| Untracked 
|  12|0x00000000fcc00000, 0x00000000fcc00000, 0x00000000fcd00000|  0%| F|  |TAMS 0x00000000fcc00000, 0x00000000fcc00000| Untracked 
|  13|0x00000000fcd00000, 0x00000000fcd00000, 0x00000000fce00000|  0%| F|  |TAMS 0x00000000fcd00000, 0x00000000fcd00000| Untracked 
|  14|0x00000000fce00000, 0x00000000fce00000, 0x00000000fcf00000|  0%| F|  |TAMS 0x00000000fce00000, 0x00000000fce00000| Untracked 
|  15|0x00000000fcf00000, 0x00000000fcf00000, 0x00000000fd000000|  0%| F|  |TAMS 0x00000000fcf00000, 0x00000000fcf00000| Untracked 
|  16|0x00000000fd000000, 0x00000000fd000000, 0x00000000fd100000|  0%| F|  |TAMS 0x00000000fd000000, 0x00000000fd000000| Untracked 
|  17|0x00000000fd100000, 0x00000000fd100000, 0x00000000fd200000|  0%| F|  |TAMS 0x00000000fd100000, 0x00000000fd100000| Untracked 
|  18|0x00000000fd200000, 0x00000000fd200000, 0x00000000fd300000|  0%| F|  |TAMS 0x00000000fd200000, 0x00000000fd200000| Untracked 
|  19|0x00000000fd300000, 0x00000000fd300000, 0x00000000fd400000|  0%| F|  |TAMS 0x00000000fd300000, 0x00000000fd300000| Untracked 
|  20|0x00000000fd400000, 0x00000000fd400000, 0x00000000fd500000|  0%| F|  |TAMS 0x00000000fd400000, 0x00000000fd400000| Untracked 
|  21|0x00000000fd500000, 0x00000000fd500000, 0x00000000fd600000|  0%| F|  |TAMS 0x00000000fd500000, 0x00000000fd500000| Untracked 
|  22|0x00000000fd600000, 0x00000000fd600000, 0x00000000fd700000|  0%| F|  |TAMS 0x00000000fd600000, 0x00000000fd600000| Untracked 
|  23|0x00000000fd700000, 0x00000000fd700000, 0x00000000fd800000|  0%| F|  |TAMS 0x00000000fd700000, 0x00000000fd700000| Untracked 
|  24|0x00000000fd800000, 0x00000000fd800000, 0x00000000fd900000|  0%| F|  |TAMS 0x00000000fd800000, 0x00000000fd800000| Untracked 
|  25|0x00000000fd900000, 0x00000000fd900000, 0x00000000fda00000|  0%| F|  |TAMS 0x00000000fd900000, 0x00000000fd900000| Untracked 
|  26|0x00000000fda00000, 0x00000000fda00000, 0x00000000fdb00000|  0%| F|  |TAMS 0x00000000fda00000, 0x00000000fda00000| Untracked 
|  27|0x00000000fdb00000, 0x00000000fdb00000, 0x00000000fdc00000|  0%| F|  |TAMS 0x00000000fdb00000, 0x00000000fdb00000| Untracked 
|  28|0x00000000fdc00000, 0x00000000fdc00000, 0x00000000fdd00000|  0%| F|  |TAMS 0x00000000fdc00000, 0x00000000fdc00000| Untracked 
|  29|0x00000000fdd00000, 0x00000000fdd00000, 0x00000000fde00000|  0%| F|  |TAMS 0x00000000fdd00000, 0x00000000fdd00000| Untracked 
|  30|0x00000000fde00000, 0x00000000fde00000, 0x00000000fdf00000|  0%| F|  |TAMS 0x00000000fde00000, 0x00000000fde00000| Untracked 
|  31|0x00000000fdf00000, 0x00000000fdf00000, 0x00000000fe000000|  0%| F|  |TAMS 0x00000000fdf00000, 0x00000000fdf00000| Untracked 
|  32|0x00000000fe000000, 0x00000000fe000000, 0x00000000fe100000|  0%| F|  |TAMS 0x00000000fe000000, 0x00000000fe000000| Untracked 
|  33|0x00000000fe100000, 0x00000000fe100000, 0x00000000fe200000|  0%| F|  |TAMS 0x00000000fe100000, 0x00000000fe100000| Untracked 
|  34|0x00000000fe200000, 0x00000000fe200000, 0x00000000fe300000|  0%| F|  |TAMS 0x00000000fe200000, 0x00000000fe200000| Untracked 
|  35|0x00000000fe300000, 0x00000000fe300000, 0x00000000fe400000|  0%| F|  |TAMS 0x00000000fe300000, 0x00000000fe300000| Untracked 
|  36|0x00000000fe400000, 0x00000000fe400000, 0x00000000fe500000|  0%| F|  |TAMS 0x00000000fe400000, 0x00000000fe400000| Untracked 
|  37|0x00000000fe500000, 0x00000000fe500000, 0x00000000fe600000|  0%| F|  |TAMS 0x00000000fe500000, 0x00000000fe500000| Untracked 
|  38|0x00000000fe600000, 0x00000000fe600000, 0x00000000fe700000|  0%| F|  |TAMS 0x00000000fe600000, 0x00000000fe600000| Untracked 
|  39|0x00000000fe700000, 0x00000000fe700000, 0x00000000fe800000|  0%| F|  |TAMS 0x00000000fe700000, 0x00000000fe700000| Untracked 
|  40|0x00000000fe800000, 0x00000000fe800000, 0x00000000fe900000|  0%| F|  |TAMS 0x00000000fe800000, 0x00000000fe800000| Untracked 
|  41|0x00000000fe900000, 0x00000000fe900000, 0x00000000fea00000|  0%| F|  |TAMS 0x00000000fe900000, 0x00000000fe900000| Untracked 
|  42|0x00000000fea00000, 0x00000000fea00000, 0x00000000feb00000|  0%| F|  |TAMS 0x00000000fea00000, 0x00000000fea00000| Untracked 
|  43|0x00000000feb00000, 0x00000000feb00000, 0x00000000fec00000|  0%| F|  |TAMS 0x00000000feb00000, 0x00000000feb00000| Untracked 
|  44|0x00000000fec00000, 0x00000000fec00000, 0x00000000fed00000|  0%| F|  |TAMS 0x00000000fec00000, 0x00000000fec00000| Untracked 
|  45|0x00000000fed00000, 0x00000000fed00000, 0x00000000fee00000|  0%| F|  |TAMS 0x00000000fed00000, 0x00000000fed00000| Untracked 
|  46|0x00000000fee00000, 0x00000000fee00000, 0x00000000fef00000|  0%| F|  |TAMS 0x00000000fee00000, 0x00000000fee00000| Untracked 
|  47|0x00000000fef00000, 0x00000000fef00000, 0x00000000ff000000|  0%| F|  |TAMS 0x00000000fef00000, 0x00000000fef00000| Untracked 
|  48|0x00000000ff000000, 0x00000000ff000000, 0x00000000ff100000|  0%| F|  |TAMS 0x00000000ff000000, 0x00000000ff000000| Untracked 
|  49|0x00000000ff100000, 0x00000000ff100000, 0x00000000ff200000|  0%| F|  |TAMS 0x00000000ff100000, 0x00000000ff100000| Untracked 
|  50|0x00000000ff200000, 0x00000000ff200000, 0x00000000ff300000|  0%| F|  |TAMS 0x00000000ff200000, 0x00000000ff200000| Untracked 
|  51|0x00000000ff300000, 0x00000000ff300000, 0x00000000ff400000|  0%| F|  |TAMS 0x00000000ff300000, 0x00000000ff300000| Untracked 
|  52|0x00000000ff400000, 0x00000000ff400000, 0x00000000ff500000|  0%| F|  |TAMS 0x00000000ff400000, 0x00000000ff400000| Untracked 
|  53|0x00000000ff500000, 0x00000000ff500000, 0x00000000ff600000|  0%| F|  |TAMS 0x00000000ff500000, 0x00000000ff500000| Untracked 
|  54|0x00000000ff600000, 0x00000000ff600000, 0x00000000ff700000|  0%| F|  |TAMS 0x00000000ff600000, 0x00000000ff600000| Untracked 
|  55|0x00000000ff700000, 0x00000000ff700000, 0x00000000ff800000|  0%| F|  |TAMS 0x00000000ff700000, 0x00000000ff700000| Untracked 
|  56|0x00000000ff800000, 0x00000000ff800000, 0x00000000ff900000|  0%| F|  |TAMS 0x00000000ff800000, 0x00000000ff800000| Untracked 
|  57|0x00000000ff900000, 0x00000000ff985b08, 0x00000000ffa00000| 52%| E|  |TAMS 0x00000000ff900000, 0x00000000ff900000| Complete 
|  58|0x00000000ffa00000, 0x00000000ffb00000, 0x00000000ffb00000|100%| E|CS|TAMS 0x00000000ffa00000, 0x00000000ffa00000| Complete 
|  59|0x00000000ffb00000, 0x00000000ffc00000, 0x00000000ffc00000|100%| E|CS|TAMS 0x00000000ffb00000, 0x00000000ffb00000| Complete 
|  60|0x00000000ffc00000, 0x00000000ffd00000, 0x00000000ffd00000|100%| E|CS|TAMS 0x00000000ffc00000, 0x00000000ffc00000| Complete 
|  61|0x00000000ffd00000, 0x00000000ffe00000, 0x00000000ffe00000|100%| E|CS|TAMS 0x00000000ffd00000, 0x00000000ffd00000| Complete 
|  62|0x00000000ffe00000, 0x00000000fff00000, 0x00000000fff00000|100%| E|CS|TAMS 0x00000000ffe00000, 0x00000000ffe00000| Complete 
|  63|0x00000000fff00000, 0x0000000100000000, 0x0000000100000000|100%| E|CS|TAMS 0x00000000fff00000, 0x00000000fff00000| Complete 

Card table byte_map: [0x0000018fb0740000,0x0000018fb0760000] _byte_map_base: 0x0000018faff60000

Marking Bits (Prev, Next): (CMBitMap*) 0x0000018fb27ff240, (CMBitMap*) 0x0000018fb27ff280
 Prev Bits: [0x0000018fb25c0000, 0x0000018fb26c0000)
 Next Bits: [0x0000018fc9090000, 0x0000018fc9190000)

Polling page: 0x0000018fb06e0000

Metaspace:

Usage:
  Non-class:      1.43 MB used.
      Class:    156.36 KB used.
       Both:      1.59 MB used.

Virtual space:
  Non-class space:       64.00 MB reserved,       1.56 MB (  2%) committed,  1 nodes.
      Class space:        1.00 GB reserved,     192.00 KB ( <1%) committed,  1 nodes.
             Both:        1.06 GB reserved,       1.75 MB ( <1%) committed. 

Chunk freelists:
   Non-Class:  11.73 MB
       Class:  15.69 MB
        Both:  27.43 MB

MaxMetaspaceSize: unlimited
CompressedClassSpaceSize: 1.00 GB
Initial GC threshold: 21.00 MB
Current GC threshold: 21.00 MB
CDS: on
MetaspaceReclaimPolicy: balanced
 - commit_granule_bytes: 65536.
 - commit_granule_words: 8192.
 - virtual_space_node_default_size: 8388608.
 - enlarge_chunks_in_place: 1.
 - new_chunks_are_fully_committed: 0.
 - uncommit_free_chunks: 1.
 - use_allocation_guard: 0.
 - handle_deallocations: 1.


Internal statistics:

num_allocs_failed_limit: 0.
num_arena_births: 12.
num_arena_deaths: 0.
num_vsnodes_births: 2.
num_vsnodes_deaths: 0.
num_space_committed: 28.
num_space_uncommitted: 0.
num_chunks_returned_to_freelist: 0.
num_chunks_taken_from_freelist: 38.
num_chunk_merges: 0.
num_chunk_splits: 20.
num_chunks_enlarged: 14.
num_inconsistent_stats: 0.

CodeHeap 'non-profiled nmethods': size=120000Kb used=108Kb max_used=108Kb free=119892Kb
 bounds [0x0000018fc1b60000, 0x0000018fc1dd0000, 0x0000018fc9090000]
CodeHeap 'profiled nmethods': size=120000Kb used=649Kb max_used=649Kb free=119350Kb
 bounds [0x0000018fba090000, 0x0000018fba300000, 0x0000018fc15c0000]
CodeHeap 'non-nmethods': size=5760Kb used=1131Kb max_used=1147Kb free=4628Kb
 bounds [0x0000018fc15c0000, 0x0000018fc1830000, 0x0000018fc1b60000]
 total_blobs=788 nmethods=388 adapters=313
 compilation: enabled
              stopped_count=0, restarted_count=0
 full_count=0

Compilation events (20 events):
Event: 0.309 Thread 0x0000018fb2898d40 nmethod 363 0x0000018fba11ef10 code [0x0000018fba11f0e0, 0x0000018fba11f4c8]
Event: 0.309 Thread 0x0000018fb2898d40  364       3       java.util.LinkedHashMap$Entry::<init> (10 bytes)
Event: 0.309 Thread 0x0000018fb2898d40 nmethod 364 0x0000018fba11f690 code [0x0000018fba11f840, 0x0000018fba11fb18]
Event: 0.309 Thread 0x0000018fb2898d40  366       3       java.io.File::getName (42 bytes)
Event: 0.310 Thread 0x0000018fb2898d40 nmethod 366 0x0000018fba11fc10 code [0x0000018fba11fe60, 0x0000018fba120698]
Event: 0.311 Thread 0x0000018fb2898d40  367       3       java.util.HashMap::isEmpty (13 bytes)
Event: 0.311 Thread 0x0000018fb2898d40 nmethod 367 0x0000018fba120a10 code [0x0000018fba120ba0, 0x0000018fba120d18]
Event: 0.315 Thread 0x0000018fcb6f6740 nmethod 365% 0x0000018fc1b79390 code [0x0000018fc1b79520, 0x0000018fc1b79af8]
Event: 0.315 Thread 0x0000018fcb6f6740  369       4       java.lang.StringLatin1::lastIndexOf (40 bytes)
Event: 0.315 Thread 0x0000018fb2898d40  370       3       java.util.LinkedHashMap::get (29 bytes)
Event: 0.316 Thread 0x0000018fb2898d40 nmethod 370 0x0000018fba120d90 code [0x0000018fba120f40, 0x0000018fba121198]
Event: 0.316 Thread 0x0000018fb2898d40  371       3       java.util.ArrayList$Itr::next (66 bytes)
Event: 0.316 Thread 0x0000018fb2898d40 nmethod 371 0x0000018fba121290 code [0x0000018fba121480, 0x0000018fba121848]
Event: 0.316 Thread 0x0000018fb2898d40  372       3       java.util.ArrayList$Itr::checkForComodification (23 bytes)
Event: 0.316 Thread 0x0000018fb2898d40 nmethod 372 0x0000018fba121a10 code [0x0000018fba121bc0, 0x0000018fba121d88]
Event: 0.317 Thread 0x0000018fb2898d40  374       3       java.util.regex.Pattern::escape (1327 bytes)
Event: 0.317 Thread 0x0000018fcb6f6740 nmethod 369 0x0000018fc1b79d90 code [0x0000018fc1b79f00, 0x0000018fc1b7a0b8]
Event: 0.318 Thread 0x0000018fcb6f6740  373       4       java.lang.StringLatin1::toLowerCase (186 bytes)
Event: 0.387 Thread 0x0000018fb2898d40 nmethod 374 0x0000018fba121e90 code [0x0000018fba1229e0, 0x0000018fba1299e8]
Event: 0.387 Thread 0x0000018fb2898d40  376       1       org.gradle.internal.installation.GradleInstallation::getLibDirs (5 bytes)

GC Heap History (0 events):
No events

Deoptimization events (20 events):
Event: 0.280 Thread 0x0000018fb27dd0a0 DEOPT PACKING pc=0x0000018fba0bb0fe sp=0x0000002ea67fe1b0
Event: 0.280 Thread 0x0000018fb27dd0a0 DEOPT UNPACKING pc=0x0000018fc16166e3 sp=0x0000002ea67fd620 mode 0
Event: 0.283 Thread 0x0000018fb27dd0a0 DEOPT PACKING pc=0x0000018fba0bb0fe sp=0x0000002ea67fe210
Event: 0.283 Thread 0x0000018fb27dd0a0 DEOPT UNPACKING pc=0x0000018fc16166e3 sp=0x0000002ea67fd680 mode 0
Event: 0.283 Thread 0x0000018fb27dd0a0 DEOPT PACKING pc=0x0000018fba0bb0fe sp=0x0000002ea67fe210
Event: 0.283 Thread 0x0000018fb27dd0a0 DEOPT UNPACKING pc=0x0000018fc16166e3 sp=0x0000002ea67fd680 mode 0
Event: 0.283 Thread 0x0000018fb27dd0a0 DEOPT PACKING pc=0x0000018fba0f2a3e sp=0x0000002ea67fe240
Event: 0.283 Thread 0x0000018fb27dd0a0 DEOPT UNPACKING pc=0x0000018fc16166e3 sp=0x0000002ea67fd6b8 mode 0
Event: 0.283 Thread 0x0000018fb27dd0a0 DEOPT PACKING pc=0x0000018fba0bb0fe sp=0x0000002ea67fe210
Event: 0.283 Thread 0x0000018fb27dd0a0 DEOPT UNPACKING pc=0x0000018fc16166e3 sp=0x0000002ea67fd680 mode 0
Event: 0.291 Thread 0x0000018fb27dd0a0 DEOPT PACKING pc=0x0000018fba0f2a3e sp=0x0000002ea67fe1a0
Event: 0.291 Thread 0x0000018fb27dd0a0 DEOPT UNPACKING pc=0x0000018fc16166e3 sp=0x0000002ea67fd618 mode 0
Event: 0.294 Thread 0x0000018fb27dd0a0 DEOPT PACKING pc=0x0000018fba0f2a3e sp=0x0000002ea67fdf70
Event: 0.294 Thread 0x0000018fb27dd0a0 DEOPT UNPACKING pc=0x0000018fc16166e3 sp=0x0000002ea67fd3e8 mode 0
Event: 0.302 Thread 0x0000018fb27dd0a0 DEOPT PACKING pc=0x0000018fba0e430c sp=0x0000002ea67fdd60
Event: 0.302 Thread 0x0000018fb27dd0a0 DEOPT UNPACKING pc=0x0000018fc16166e3 sp=0x0000002ea67fd1f0 mode 0
Event: 0.317 Thread 0x0000018fb27dd0a0 DEOPT PACKING pc=0x0000018fba0ec2f2 sp=0x0000002ea67fdf20
Event: 0.317 Thread 0x0000018fb27dd0a0 DEOPT UNPACKING pc=0x0000018fc16166e3 sp=0x0000002ea67fd3e0 mode 0
Event: 0.317 Thread 0x0000018fb27dd0a0 DEOPT PACKING pc=0x0000018fba0ec2f2 sp=0x0000002ea67fdf20
Event: 0.317 Thread 0x0000018fb27dd0a0 DEOPT UNPACKING pc=0x0000018fc16166e3 sp=0x0000002ea67fd3e0 mode 0

Classes unloaded (0 events):
No events

Classes redefined (0 events):
No events

Internal exceptions (1 events):
Event: 0.202 Thread 0x0000018fb27dd0a0 Exception <a 'java/lang/NoSuchMethodError'{0x00000000ffdf89a0}: 'int java.lang.invoke.DirectMethodHandle$Holder.invokeStaticInit(java.lang.Object, java.lang.Object)'> (0x00000000ffdf89a0) 
thrown [s\open\src\hotspot\share\interpreter\linkResolver.cpp, line 759]

VM Operations (2 events):
Event: 0.085 Executing VM operation: HandshakeAllThreads
Event: 0.085 Executing VM operation: HandshakeAllThreads done

Events (20 events):
Event: 0.185 loading class sun/net/www/MessageHeader
Event: 0.185 loading class sun/net/www/MessageHeader done
Event: 0.186 loading class java/io/FilePermission$1
Event: 0.186 loading class jdk/internal/access/JavaIOFilePermissionAccess
Event: 0.186 loading class jdk/internal/access/JavaIOFilePermissionAccess done
Event: 0.186 loading class java/io/FilePermission$1 done
Event: 0.186 loading class java/io/FilePermissionCollection
Event: 0.186 loading class java/io/FilePermissionCollection done
Event: 0.186 loading class java/util/Vector
Event: 0.187 loading class java/util/Vector done
Event: 0.187 loading class java/io/FilePermissionCollection$1
Event: 0.187 loading class java/io/FilePermissionCollection$1 done
Event: 0.209 loading class java/net/MalformedURLException
Event: 0.210 loading class java/net/MalformedURLException done
Event: 0.211 loading class java/io/FileFilter
Event: 0.211 loading class java/io/FileFilter done
Event: 0.265 loading class java/util/AbstractList$Itr
Event: 0.266 loading class java/util/AbstractList$Itr done
Event: 0.282 loading class java/lang/invoke/DirectMethodHandle$Special
Event: 0.282 loading class java/lang/invoke/DirectMethodHandle$Special done


Dynamic libraries:
0x00007ff6c5910000 - 0x00007ff6c5920000 	C:\Program Files\Java\jdk-17\bin\java.exe
0x00007ff8bd280000 - 0x00007ff8bd4e5000 	C:\WINDOWS\SYSTEM32\ntdll.dll
0x00007ff8bcab0000 - 0x00007ff8bcb79000 	C:\WINDOWS\System32\KERNEL32.DLL
0x00007ff8ba5d0000 - 0x00007ff8ba9b8000 	C:\WINDOWS\System32\KERNELBASE.dll
0x00007ff8bac80000 - 0x00007ff8badcb000 	C:\WINDOWS\System32\ucrtbase.dll
0x00007ff8a33d0000 - 0x00007ff8a33e9000 	C:\Program Files\Java\jdk-17\bin\jli.dll
0x00007ff8bb440000 - 0x00007ff8bb4f3000 	C:\WINDOWS\System32\ADVAPI32.dll
0x00007ff8bd0a0000 - 0x00007ff8bd149000 	C:\WINDOWS\System32\msvcrt.dll
0x00007ff8bc190000 - 0x00007ff8bc236000 	C:\WINDOWS\System32\sechost.dll
0x00007ff8bb320000 - 0x00007ff8bb435000 	C:\WINDOWS\System32\RPCRT4.dll
0x00007ff8bbfc0000 - 0x00007ff8bc18a000 	C:\WINDOWS\System32\USER32.dll
0x00007ff8baff0000 - 0x00007ff8bb017000 	C:\WINDOWS\System32\win32u.dll
0x00007ff8bbf90000 - 0x00007ff8bbfbb000 	C:\WINDOWS\System32\GDI32.dll
0x00007ff8ba490000 - 0x00007ff8ba5c7000 	C:\WINDOWS\System32\gdi32full.dll
0x00007ff8bab40000 - 0x00007ff8babe3000 	C:\WINDOWS\System32\msvcp_win.dll
0x00007ff89d780000 - 0x00007ff89da1a000 	C:\WINDOWS\WinSxS\amd64_microsoft.windows.common-controls_6595b64144ccf1df_6.0.26100.4202_none_3e0698d4e335f517\COMCTL32.dll
0x00007ff8a9590000 - 0x00007ff8a959b000 	C:\WINDOWS\SYSTEM32\VERSION.dll
0x00007ff887470000 - 0x00007ff88748b000 	C:\Program Files\Java\jdk-17\bin\VCRUNTIME140.dll
0x00007ff8bbbc0000 - 0x00007ff8bbbf0000 	C:\WINDOWS\System32\IMM32.DLL
0x00007ff8b6e40000 - 0x00007ff8b6e4c000 	C:\Program Files\Java\jdk-17\bin\vcruntime140_1.dll
0x00007ff8873e0000 - 0x00007ff88746e000 	C:\Program Files\Java\jdk-17\bin\msvcp140.dll
0x00007ff866010000 - 0x00007ff866bf0000 	C:\Program Files\Java\jdk-17\bin\server\jvm.dll
0x00007ff8bcfa0000 - 0x00007ff8bcfa8000 	C:\WINDOWS\System32\PSAPI.DLL
0x00007ff892970000 - 0x00007ff89297a000 	C:\WINDOWS\SYSTEM32\WSOCK32.dll
0x00007ff8bcef0000 - 0x00007ff8bcf64000 	C:\WINDOWS\System32\WS2_32.dll
0x00007ff8b2f70000 - 0x00007ff8b2fa5000 	C:\WINDOWS\SYSTEM32\WINMM.dll
0x00007ff8b9190000 - 0x00007ff8b91ab000 	C:\WINDOWS\SYSTEM32\kernel.appcore.dll
0x00007ff891160000 - 0x00007ff89116a000 	C:\Program Files\Java\jdk-17\bin\jimage.dll
0x00007ff8b7a50000 - 0x00007ff8b7c91000 	C:\WINDOWS\SYSTEM32\DBGHELP.DLL
0x00007ff8bbc00000 - 0x00007ff8bbf85000 	C:\WINDOWS\System32\combase.dll
0x00007ff8bd150000 - 0x00007ff8bd231000 	C:\WINDOWS\System32\OLEAUT32.dll
0x00007ff898010000 - 0x00007ff898049000 	C:\WINDOWS\SYSTEM32\dbgcore.DLL
0x00007ff8badd0000 - 0x00007ff8bae69000 	C:\WINDOWS\System32\bcryptPrimitives.dll
0x00007ff8826b0000 - 0x00007ff8826d5000 	C:\Program Files\Java\jdk-17\bin\java.dll
0x00007ff868880000 - 0x00007ff868957000 	C:\Program Files\Java\jdk-17\bin\jsvml.dll
0x00007ff8bc360000 - 0x00007ff8bcaa2000 	C:\WINDOWS\System32\SHELL32.dll
0x00007ff8ba9c0000 - 0x00007ff8bab34000 	C:\WINDOWS\System32\wintypes.dll
0x00007ff8b8010000 - 0x00007ff8b8868000 	C:\WINDOWS\SYSTEM32\windows.storage.dll
0x00007ff8bcdf0000 - 0x00007ff8bcee1000 	C:\WINDOWS\System32\SHCORE.dll
0x00007ff8bd030000 - 0x00007ff8bd09a000 	C:\WINDOWS\System32\shlwapi.dll
0x00007ff8ba2e0000 - 0x00007ff8ba30f000 	C:\WINDOWS\SYSTEM32\profapi.dll
0x00007ff884f10000 - 0x00007ff884f29000 	C:\Program Files\Java\jdk-17\bin\net.dll
0x00007ff8ab3c0000 - 0x00007ff8ab4de000 	C:\WINDOWS\SYSTEM32\WINHTTP.dll
0x00007ff8b9700000 - 0x00007ff8b976a000 	C:\WINDOWS\system32\mswsock.dll
0x00007ff882810000 - 0x00007ff882826000 	C:\Program Files\Java\jdk-17\bin\nio.dll
0x00007ff880f80000 - 0x00007ff880f98000 	C:\Program Files\Java\jdk-17\bin\zip.dll
0x00007ff890d80000 - 0x00007ff890d90000 	C:\Program Files\Java\jdk-17\bin\verify.dll

dbghelp: loaded successfully - version: 4.0.5 - missing functions: none
symbol engine: initialized successfully - sym options: 0x614 - pdb path: .;C:\Program Files\Java\jdk-17\bin;C:\WINDOWS\SYSTEM32;C:\WINDOWS\WinSxS\amd64_microsoft.windows.common-controls_6595b64144ccf1df_6.0.26100.4202_none_3e0698d4e335f517;C:\Program Files\Java\jdk-17\bin\server

VM Arguments:
jvm_args: -Xmx64m -Xms64m -Dorg.gradle.appname=gradlew 
java_command: C:\Users\dell9\AndroidStudioProjects\Demo\android\\gradle\wrapper\gradle-wrapper.jar app:installDebug -PreactNativeDevServerPort=8081
java_class_path (initial): C:\Users\dell9\AndroidStudioProjects\Demo\android\\gradle\wrapper\gradle-wrapper.jar
Launcher Type: SUN_STANDARD

[Global flags]
     intx CICompilerCount                          = 3                                         {product} {ergonomic}
     uint ConcGCThreads                            = 1                                         {product} {ergonomic}
     uint G1ConcRefinementThreads                  = 4                                         {product} {ergonomic}
   size_t G1HeapRegionSize                         = 1048576                                   {product} {ergonomic}
    uintx GCDrainStackTargetSize                   = 64                                        {product} {ergonomic}
   size_t InitialHeapSize                          = 67108864                                  {product} {command line}
   size_t MarkStackSize                            = 4194304                                   {product} {ergonomic}
   size_t MaxHeapSize                              = 67108864                                  {product} {command line}
   size_t MaxNewSize                               = 39845888                                  {product} {ergonomic}
   size_t MinHeapDeltaBytes                        = 1048576                                   {product} {ergonomic}
   size_t MinHeapSize                              = 67108864                                  {product} {command line}
    uintx NonNMethodCodeHeapSize                   = 5832780                                {pd product} {ergonomic}
    uintx NonProfiledCodeHeapSize                  = 122912730                              {pd product} {ergonomic}
    uintx ProfiledCodeHeapSize                     = 122912730                              {pd product} {ergonomic}
    uintx ReservedCodeCacheSize                    = 251658240                              {pd product} {ergonomic}
     bool SegmentedCodeCache                       = true                                      {product} {ergonomic}
   size_t SoftMaxHeapSize                          = 67108864                               {manageable} {ergonomic}
     bool UseCompressedClassPointers               = true                           {product lp64_product} {ergonomic}
     bool UseCompressedOops                        = true                           {product lp64_product} {ergonomic}
     bool UseG1GC                                  = true                                      {product} {ergonomic}
     bool UseLargePagesIndividualAllocation        = false                                  {pd product} {ergonomic}

Logging:
Log output configuration:
 #0: stdout all=warning uptime,level,tags
 #1: stderr all=off uptime,level,tags

Environment Variables:
JAVA_HOME=C:\Program Files\Java\jdk-17
PATH=C:\Users\dell9\AppData\Local\Temp\yarn--1752222922395-0.9823227528467933;C:\Users\dell9\AndroidStudioProjects\Demo\node_modules\.bin;C:\Users\dell9\AppData\Local\Yarn\Data\link\node_modules\.bin;C:\Users\dell9\AppData\Local\Yarn\bin;C:\Program Files\libexec\lib\node_modules\npm\bin\node-gyp-bin;C:\Program Files\lib\node_modules\npm\bin\node-gyp-bin;C:\Program Files\nodejs\node_modules\npm\bin\node-gyp-bin;C:\Users\dell9\bin;C:\Program Files\Git\mingw64\bin;C:\Program Files\Git\usr\local\bin;C:\Program Files\Git\usr\bin;C:\Program Files\Git\usr\bin;C:\Program Files\Git\mingw64\bin;C:\Program Files\Git\usr\bin;C:\Users\dell9\bin;C:\Program Files\Common Files\Oracle\Java\javapath;C:\Users\dell9\AppData\Local\Packages\PythonSoftwareFoundation.Python.3.9_qbz5n2kfra8p0\LocalCache\local-packages\Python39\Scripts;C:\Program Files\dotnet;C:\Program Files\Java\jdk-19\bin;C:\WINDOWS\system32;C:\WINDOWS;C:\WINDOWS\System32\Wbem;C:\WINDOWS\System32\WindowsPowerShell\v1.0;C:\WINDOWS\System32\OpenSSH;C:\Program Files\Git\cmd;C:\Program Files\nodejs;C:\Users\dell9\AppData\Local\Programs\Python\Launcher;C:\Users\dell9\AppData\Local\Microsoft\WindowsApps;C:\Users\dell9\AppData\Local\Programs\Microsoft VS Code\bin;C:\Users\dell9\AppData\Roaming\npm\node_modules;C:\Users\dell9\AppData\Local\Programs\Python\Python310;C:\Users\dell9\AppData\Local\Packages\PythonSoftwareFoundation.Python.3.9_qbz5n2kfra8p0\LocalCache\local-packages\Python39\Scripts;C:\Program Files\JetBrains\PyCharm Community Edition 2021.3.3\bin;C:\Program Files\Java\jdk-19\bin;C:\Users\dell9\AppData\Roaming\npm;C:\Program Files\Git\usr\bin\vendor_perl;C:\Program Files\Git\usr\bin\core_perl
USERNAME=dell9
SHELL=C:\Program Files\Git\usr\bin\bash.exe
DISPLAY=needs-to-be-defined
LANG=en_US.UTF-8
OS=Windows_NT
PROCESSOR_IDENTIFIER=Intel64 Family 6 Model 140 Stepping 1, GenuineIntel



---------------  S Y S T E M  ---------------

OS:
 Windows 11 , 64 bit Build 26100 (10.0.26100.4202)
OS uptime: 1 days 23:43 hours
Hyper-V role detected

CPU: total 4 (initial active 4) (2 cores per cpu, 2 threads per core) family 6 model 140 stepping 1 microcode 0xbc, cx8, cmov, fxsr, ht, mmx, 3dnowpref, sse, sse2, sse3, ssse3, sse4.1, sse4.2, popcnt, lzcnt, tsc, tscinvbit, avx, avx2, aes, erms, clmul, bmi1, bmi2, adx, avx512f, avx512dq, avx512cd, avx512bw, avx512vl, sha, fma, vzeroupper, avx512_vpopcntdq, avx512_vpclmulqdq, avx512_vaes, avx512_vnni, clflush, clflushopt, clwb, avx512_vbmi2, avx512_vbmi, hv

Memory: 4k page, system-wide physical 7926M (445M free)
TotalPageFile size 32502M (AvailPageFile size 4M)
current process WorkingSet (physical memory assigned to process): 47M, peak: 47M
current process commit charge ("private bytes"): 139M, peak: 139M

vm_info: Java HotSpot(TM) 64-Bit Server VM (17.0.12+8-LTS-286) for windows-amd64 JRE (17.0.12+8-LTS-286), built on Jun  5 2024 06:46:59 by "mach5one" with MS VC++ 17.6 (VS2022)

END.
